<?xml version="1.0" encoding="UTF-8"?>
<testsuite xmlns:xsi="http://www.w3.org/2001/XMLSchema-instance" xsi:noNamespaceSchemaLocation="https://maven.apache.org/surefire/maven-surefire-plugin/xsd/surefire-test-report.xsd" name="com.buff.common.AppTest" time="0.004" tests="1" errors="0" skipped="0" failures="0">
  <properties>
    <property name="java.specification.version" value="17"/>
    <property name="sun.cpu.isalist" value="amd64"/>
    <property name="sun.jnu.encoding" value="GBK"/>
    <property name="java.class.path" value="E:\技能培养\项目开发\API开放平台\Projects\buff-common\target\test-classes;E:\技能培养\项目开发\API开放平台\Projects\buff-common\target\classes;D:\ProgramData\.m2\repository\3.8.8\org\mybatis\spring\boot\mybatis-spring-boot-starter\2.2.2\mybatis-spring-boot-starter-2.2.2.jar;D:\ProgramData\.m2\repository\3.8.8\org\springframework\boot\spring-boot-starter\2.7.0\spring-boot-starter-2.7.0.jar;D:\ProgramData\.m2\repository\3.8.8\org\springframework\boot\spring-boot\2.7.0\spring-boot-2.7.0.jar;D:\ProgramData\.m2\repository\3.8.8\org\springframework\spring-context\5.3.20\spring-context-5.3.20.jar;D:\ProgramData\.m2\repository\3.8.8\org\springframework\spring-aop\5.3.20\spring-aop-5.3.20.jar;D:\ProgramData\.m2\repository\3.8.8\org\springframework\spring-expression\5.3.20\spring-expression-5.3.20.jar;D:\ProgramData\.m2\repository\3.8.8\org\springframework\boot\spring-boot-starter-logging\2.7.0\spring-boot-starter-logging-2.7.0.jar;D:\ProgramData\.m2\repository\3.8.8\ch\qos\logback\logback-classic\1.2.11\logback-classic-1.2.11.jar;D:\ProgramData\.m2\repository\3.8.8\ch\qos\logback\logback-core\1.2.11\logback-core-1.2.11.jar;D:\ProgramData\.m2\repository\3.8.8\org\apache\logging\log4j\log4j-to-slf4j\2.17.2\log4j-to-slf4j-2.17.2.jar;D:\ProgramData\.m2\repository\3.8.8\org\apache\logging\log4j\log4j-api\2.17.2\log4j-api-2.17.2.jar;D:\ProgramData\.m2\repository\3.8.8\org\slf4j\jul-to-slf4j\1.7.36\jul-to-slf4j-1.7.36.jar;D:\ProgramData\.m2\repository\3.8.8\jakarta\annotation\jakarta.annotation-api\1.3.5\jakarta.annotation-api-1.3.5.jar;D:\ProgramData\.m2\repository\3.8.8\org\springframework\spring-core\5.3.20\spring-core-5.3.20.jar;D:\ProgramData\.m2\repository\3.8.8\org\springframework\spring-jcl\5.3.20\spring-jcl-5.3.20.jar;D:\ProgramData\.m2\repository\3.8.8\org\yaml\snakeyaml\1.30\snakeyaml-1.30.jar;D:\ProgramData\.m2\repository\3.8.8\org\springframework\boot\spring-boot-starter-jdbc\2.7.0\spring-boot-starter-jdbc-2.7.0.jar;D:\ProgramData\.m2\repository\3.8.8\com\zaxxer\HikariCP\4.0.3\HikariCP-4.0.3.jar;D:\ProgramData\.m2\repository\3.8.8\org\slf4j\slf4j-api\1.7.36\slf4j-api-1.7.36.jar;D:\ProgramData\.m2\repository\3.8.8\org\springframework\spring-jdbc\5.3.20\spring-jdbc-5.3.20.jar;D:\ProgramData\.m2\repository\3.8.8\org\springframework\spring-beans\5.3.20\spring-beans-5.3.20.jar;D:\ProgramData\.m2\repository\3.8.8\org\springframework\spring-tx\5.3.20\spring-tx-5.3.20.jar;D:\ProgramData\.m2\repository\3.8.8\org\mybatis\spring\boot\mybatis-spring-boot-autoconfigure\2.2.2\mybatis-spring-boot-autoconfigure-2.2.2.jar;D:\ProgramData\.m2\repository\3.8.8\org\mybatis\mybatis\3.5.9\mybatis-3.5.9.jar;D:\ProgramData\.m2\repository\3.8.8\org\mybatis\mybatis-spring\2.0.7\mybatis-spring-2.0.7.jar;D:\ProgramData\.m2\repository\3.8.8\com\baomidou\mybatis-plus-boot-starter\3.5.1\mybatis-plus-boot-starter-3.5.1.jar;D:\ProgramData\.m2\repository\3.8.8\com\baomidou\mybatis-plus\3.5.1\mybatis-plus-3.5.1.jar;D:\ProgramData\.m2\repository\3.8.8\com\baomidou\mybatis-plus-extension\3.5.1\mybatis-plus-extension-3.5.1.jar;D:\ProgramData\.m2\repository\3.8.8\com\baomidou\mybatis-plus-core\3.5.1\mybatis-plus-core-3.5.1.jar;D:\ProgramData\.m2\repository\3.8.8\com\baomidou\mybatis-plus-annotation\3.5.1\mybatis-plus-annotation-3.5.1.jar;D:\ProgramData\.m2\repository\3.8.8\com\github\jsqlparser\jsqlparser\4.3\jsqlparser-4.3.jar;D:\ProgramData\.m2\repository\3.8.8\org\springframework\boot\spring-boot-autoconfigure\2.7.0\spring-boot-autoconfigure-2.7.0.jar;D:\ProgramData\.m2\repository\3.8.8\com\google\code\gson\gson\2.9.0\gson-2.9.0.jar;D:\ProgramData\.m2\repository\3.8.8\org\apache\commons\commons-lang3\3.12.0\commons-lang3-3.12.0.jar;D:\ProgramData\.m2\repository\3.8.8\mysql\mysql-connector-java\8.0.29\mysql-connector-java-8.0.29.jar;D:\ProgramData\.m2\repository\3.8.8\org\springframework\boot\spring-boot-configuration-processor\2.7.0\spring-boot-configuration-processor-2.7.0.jar;D:\ProgramData\.m2\repository\3.8.8\org\projectlombok\lombok\1.18.24\lombok-1.18.24.jar;D:\ProgramData\.m2\repository\3.8.8\junit\junit\3.8.1\junit-3.8.1.jar;"/>
    <property name="java.vm.vendor" value="Oracle Corporation"/>
    <property name="sun.arch.data.model" value="64"/>
    <property name="user.variant" value=""/>
    <property name="java.vendor.url" value="https://java.oracle.com/"/>
    <property name="user.timezone" value="Asia/Shanghai"/>
    <property name="os.name" value="Windows 11"/>
    <property name="java.vm.specification.version" value="17"/>
    <property name="sun.java.launcher" value="SUN_STANDARD"/>
    <property name="user.country" value="CN"/>
    <property name="sun.boot.library.path" value="D:\ProgramData\jdk\jdk-17.0.11\bin"/>
    <property name="sun.java.command" value="C:\Users\ADMINI~1\AppData\Local\Temp\surefire5899555309283926945\surefirebooter12196488038981348720.jar C:\Users\Administrator\AppData\Local\Temp\surefire5899555309283926945 2024-07-16T17-02-27_495-jvmRun1 surefire14676750641219622691tmp surefire_016422856251153329992tmp"/>
    <property name="jdk.debug" value="release"/>
    <property name="surefire.test.class.path" value="E:\技能培养\项目开发\API开放平台\Projects\buff-common\target\test-classes;E:\技能培养\项目开发\API开放平台\Projects\buff-common\target\classes;D:\ProgramData\.m2\repository\3.8.8\org\mybatis\spring\boot\mybatis-spring-boot-starter\2.2.2\mybatis-spring-boot-starter-2.2.2.jar;D:\ProgramData\.m2\repository\3.8.8\org\springframework\boot\spring-boot-starter\2.7.0\spring-boot-starter-2.7.0.jar;D:\ProgramData\.m2\repository\3.8.8\org\springframework\boot\spring-boot\2.7.0\spring-boot-2.7.0.jar;D:\ProgramData\.m2\repository\3.8.8\org\springframework\spring-context\5.3.20\spring-context-5.3.20.jar;D:\ProgramData\.m2\repository\3.8.8\org\springframework\spring-aop\5.3.20\spring-aop-5.3.20.jar;D:\ProgramData\.m2\repository\3.8.8\org\springframework\spring-expression\5.3.20\spring-expression-5.3.20.jar;D:\ProgramData\.m2\repository\3.8.8\org\springframework\boot\spring-boot-starter-logging\2.7.0\spring-boot-starter-logging-2.7.0.jar;D:\ProgramData\.m2\repository\3.8.8\ch\qos\logback\logback-classic\1.2.11\logback-classic-1.2.11.jar;D:\ProgramData\.m2\repository\3.8.8\ch\qos\logback\logback-core\1.2.11\logback-core-1.2.11.jar;D:\ProgramData\.m2\repository\3.8.8\org\apache\logging\log4j\log4j-to-slf4j\2.17.2\log4j-to-slf4j-2.17.2.jar;D:\ProgramData\.m2\repository\3.8.8\org\apache\logging\log4j\log4j-api\2.17.2\log4j-api-2.17.2.jar;D:\ProgramData\.m2\repository\3.8.8\org\slf4j\jul-to-slf4j\1.7.36\jul-to-slf4j-1.7.36.jar;D:\ProgramData\.m2\repository\3.8.8\jakarta\annotation\jakarta.annotation-api\1.3.5\jakarta.annotation-api-1.3.5.jar;D:\ProgramData\.m2\repository\3.8.8\org\springframework\spring-core\5.3.20\spring-core-5.3.20.jar;D:\ProgramData\.m2\repository\3.8.8\org\springframework\spring-jcl\5.3.20\spring-jcl-5.3.20.jar;D:\ProgramData\.m2\repository\3.8.8\org\yaml\snakeyaml\1.30\snakeyaml-1.30.jar;D:\ProgramData\.m2\repository\3.8.8\org\springframework\boot\spring-boot-starter-jdbc\2.7.0\spring-boot-starter-jdbc-2.7.0.jar;D:\ProgramData\.m2\repository\3.8.8\com\zaxxer\HikariCP\4.0.3\HikariCP-4.0.3.jar;D:\ProgramData\.m2\repository\3.8.8\org\slf4j\slf4j-api\1.7.36\slf4j-api-1.7.36.jar;D:\ProgramData\.m2\repository\3.8.8\org\springframework\spring-jdbc\5.3.20\spring-jdbc-5.3.20.jar;D:\ProgramData\.m2\repository\3.8.8\org\springframework\spring-beans\5.3.20\spring-beans-5.3.20.jar;D:\ProgramData\.m2\repository\3.8.8\org\springframework\spring-tx\5.3.20\spring-tx-5.3.20.jar;D:\ProgramData\.m2\repository\3.8.8\org\mybatis\spring\boot\mybatis-spring-boot-autoconfigure\2.2.2\mybatis-spring-boot-autoconfigure-2.2.2.jar;D:\ProgramData\.m2\repository\3.8.8\org\mybatis\mybatis\3.5.9\mybatis-3.5.9.jar;D:\ProgramData\.m2\repository\3.8.8\org\mybatis\mybatis-spring\2.0.7\mybatis-spring-2.0.7.jar;D:\ProgramData\.m2\repository\3.8.8\com\baomidou\mybatis-plus-boot-starter\3.5.1\mybatis-plus-boot-starter-3.5.1.jar;D:\ProgramData\.m2\repository\3.8.8\com\baomidou\mybatis-plus\3.5.1\mybatis-plus-3.5.1.jar;D:\ProgramData\.m2\repository\3.8.8\com\baomidou\mybatis-plus-extension\3.5.1\mybatis-plus-extension-3.5.1.jar;D:\ProgramData\.m2\repository\3.8.8\com\baomidou\mybatis-plus-core\3.5.1\mybatis-plus-core-3.5.1.jar;D:\ProgramData\.m2\repository\3.8.8\com\baomidou\mybatis-plus-annotation\3.5.1\mybatis-plus-annotation-3.5.1.jar;D:\ProgramData\.m2\repository\3.8.8\com\github\jsqlparser\jsqlparser\4.3\jsqlparser-4.3.jar;D:\ProgramData\.m2\repository\3.8.8\org\springframework\boot\spring-boot-autoconfigure\2.7.0\spring-boot-autoconfigure-2.7.0.jar;D:\ProgramData\.m2\repository\3.8.8\com\google\code\gson\gson\2.9.0\gson-2.9.0.jar;D:\ProgramData\.m2\repository\3.8.8\org\apache\commons\commons-lang3\3.12.0\commons-lang3-3.12.0.jar;D:\ProgramData\.m2\repository\3.8.8\mysql\mysql-connector-java\8.0.29\mysql-connector-java-8.0.29.jar;D:\ProgramData\.m2\repository\3.8.8\org\springframework\boot\spring-boot-configuration-processor\2.7.0\spring-boot-configuration-processor-2.7.0.jar;D:\ProgramData\.m2\repository\3.8.8\org\projectlombok\lombok\1.18.24\lombok-1.18.24.jar;D:\ProgramData\.m2\repository\3.8.8\junit\junit\3.8.1\junit-3.8.1.jar;"/>
    <property name="sun.cpu.endian" value="little"/>
    <property name="user.home" value="C:\Users\Administrator"/>
    <property name="user.language" value="zh"/>
    <property name="java.specification.vendor" value="Oracle Corporation"/>
    <property name="java.version.date" value="2024-04-16"/>
    <property name="java.home" value="D:\ProgramData\jdk\jdk-17.0.11"/>
    <property name="file.separator" value="\"/>
    <property name="basedir" value="E:\技能培养\项目开发\API开放平台\Projects\buff-common"/>
    <property name="java.vm.compressedOopsMode" value="Zero based"/>
    <property name="line.separator" value="&#10;"/>
    <property name="java.vm.specification.vendor" value="Oracle Corporation"/>
    <property name="java.specification.name" value="Java Platform API Specification"/>
    <property name="surefire.real.class.path" value="C:\Users\ADMINI~1\AppData\Local\Temp\surefire5899555309283926945\surefirebooter12196488038981348720.jar"/>
    <property name="user.script" value=""/>
    <property name="sun.management.compiler" value="HotSpot 64-Bit Tiered Compilers"/>
    <property name="java.runtime.version" value="17.0.11+7-LTS-207"/>
    <property name="user.name" value="Administrator"/>
    <property name="path.separator" value=";"/>
    <property name="os.version" value="10.0"/>
    <property name="java.runtime.name" value="Java(TM) SE Runtime Environment"/>
    <property name="file.encoding" value="GBK"/>
    <property name="java.vm.name" value="Java HotSpot(TM) 64-Bit Server VM"/>
    <property name="localRepository" value="D:\ProgramData\.m2\repository\3.8.8"/>
    <property name="java.vendor.url.bug" value="https://bugreport.java.com/bugreport/"/>
    <property name="java.io.tmpdir" value="C:\Users\ADMINI~1\AppData\Local\Temp\"/>
    <property name="idea.version" value="2022.3.2"/>
    <property name="java.version" value="17.0.11"/>
    <property name="user.dir" value="E:\技能培养\项目开发\API开放平台\Projects\buff-common"/>
    <property name="os.arch" value="amd64"/>
    <property name="java.vm.specification.name" value="Java Virtual Machine Specification"/>
    <property name="sun.os.patch.level" value=""/>
    <property name="native.encoding" value="GBK"/>
    <property name="java.library.path" value="D:\ProgramData\jdk\jdk-17.0.11\bin;C:\Windows\Sun\Java\bin;C:\Windows\system32;C:\Windows;C:\Windows\system32;C:\Windows;C:\Windows\System32\Wbem;C:\Windows\System32\WindowsPowerShell\v1.0\;C:\Windows\System32\OpenSSH\;D:\Program Files\Bandizip\;C:\Users\Administrator\AppData\Roaming\nvm;D:\Program Files\nodejs;D:\Program Files\Git\cmd;D:\Program Files (x86)\GitHub CLI\;D:\Program Files (x86)\Tencent\微信web开发者工具\dll;D:\Program Files\apache-maven\apache-maven-3.9.8\bin;C:\Program Files\MySQL\MySQL Shell 8.0\bin\;C:\Users\Administrator\AppData\Local\Microsoft\WindowsApps;C:\Users\Administrator\AppData\Roaming\nvm;D:\Program Files\nodejs;D:\ProgramData\jdk\jdk-17.0.11\bin;;C:\Users\Administrator\AppData\Local\Programs\Microsoft VS Code\bin;."/>
    <property name="java.vm.info" value="mixed mode, sharing"/>
    <property name="java.vendor" value="Oracle Corporation"/>
    <property name="java.vm.version" value="17.0.11+7-LTS-207"/>
    <property name="sun.io.unicode.encoding" value="UnicodeLittle"/>
    <property name="maven.repo.local" value="D:\ProgramData\.m2\repository\3.8.8"/>
    <property name="java.class.version" value="61.0"/>
  </properties>
  <testcase name="testApp" classname="com.buff.common.AppTest" time="0.002"/>
</testsuite>